<?xml version="1.0" encoding="UTF-8"?>
<testsuite xmlns:xsi="http://www.w3.org/2001/XMLSchema-instance" xsi:noNamespaceSchemaLocation="https://maven.apache.org/surefire/maven-surefire-plugin/xsd/surefire-test-report.xsd" version="3.0.2" name="com.example.antispoofingservice.AntispoofingserviceApplicationTests" time="3.777" tests="1" errors="0" skipped="0" failures="0">
  <properties>
[...]
</properties>
  <testcase name="contextLoads" classname="com.example.antispoofingservice.AntispoofingserviceApplicationTests" time="0.81">
    <system-out><![CDATA[20:33:49.586 [main] INFO org.springframework.test.context.support.AnnotationConfigContextLoaderUtils -- Could not detect default configuration classes for test class [com.example.antispoofingservice.AntispoofingserviceApplicationTests]: AntispoofingserviceApplicationTests does not declare any static, non-private, non-final, nested classes annotated with @Configuration.
20:33:49.733 [main] INFO org.springframework.boot.test.context.SpringBootTestContextBootstrapper -- Found @SpringBootConfiguration com.example.antispoofingservice.AntispoofingserviceApplication for test class com.example.antispoofingservice.AntispoofingserviceApplicationTests
20:33:49.961 [main] INFO org.springframework.boot.devtools.restart.RestartApplicationListener -- Restart disabled due to context in which it is running

  .   ____          _            __ _ _
 /\\ / ___'_ __ _ _(_)_ __  __ _ \ \ \ \
( ( )\___ | '_ | '_| | '_ \/ _` | \ \ \ \
 \\/  ___)| |_)| | | | | || (_| |  ) ) ) )
  '  |____| .__|_| |_|_| |_\__, | / / / /
 =========|_|==============|___/=/_/_/_/

 :: Spring Boot ::                (v3.5.0)

2025-05-28T20:33:50.416-05:00  INFO 15096 --- [antispoofingservice] [           main] .e.a.AntispoofingserviceApplicationTests : Starting AntispoofingserviceApplicationTests using Java 23.0.2 with PID 15096 (started by n.salazars in C:\Users\n.salazars\Documents\Nicolas\Arqdisoft\Sprint4Final\antispoofingservice\antispoofingservice)
2025-05-28T20:33:50.419-05:00  INFO 15096 --- [antispoofingservice] [           main] .e.a.AntispoofingserviceApplicationTests : No active profile set, falling back to 1 default profile: "default"
2025-05-28T20:33:52.346-05:00  INFO 15096 --- [antispoofingservice] [           main] .e.a.AntispoofingserviceApplicationTests : Started AntispoofingserviceApplicationTests in 2.396 seconds (process running for 3.49)
]]></system-out>
    <system-err><![CDATA[Mockito is currently self-attaching to enable the inline-mock-maker. This will no longer work in future releases of the JDK. Please add Mockito as an agent to your build as described in Mockito's documentation: https://javadoc.io/doc/org.mockito/mockito-core/latest/org.mockito/org/mockito/Mockito.html#0.3
WARNING: A Java agent has been loaded dynamically (C:\Users\n.salazars\.m2\repository\net\bytebuddy\byte-buddy-agent\1.17.5\byte-buddy-agent-1.17.5.jar)
WARNING: If a serviceability tool is in use, please run with -XX:+EnableDynamicAgentLoading to hide this warning
WARNING: If a serviceability tool is not in use, please run with -Djdk.instrument.traceUsage for more information
WARNING: Dynamic loading of agents will be disallowed by default in a future release
]]></system-err>
  </testcase>
</testsuite>